0 info it worked if it ends with ok
1 verbose cli [ '/usr/bin/nodejs', '/usr/bin/npm', 'install' ]
2 info using npm@1.3.10
3 info using node@v0.10.25
4 warn package.json caffejs@0.2.0 No repository field.
5 verbose readDependencies using package.json deps
6 verbose install where, deps [ '/playpen/cubler/RA/eye-region-tracker/restServer/static/caffejs',
6 verbose install   [ 'd3',
6 verbose install     'es6-shim',
6 verbose install     'queue-async',
6 verbose install     'webcamjs',
6 verbose install     'whatwg-fetch',
6 verbose install     '@types/d3',
6 verbose install     '@types/dagre',
6 verbose install     '@types/dagre-d3',
6 verbose install     '@types/es6-shim',
6 verbose install     '@types/whatwg-fetch',
6 verbose install     'dagre-d3',
6 verbose install     'gulp',
6 verbose install     'gulp-clean',
6 verbose install     'gulp-footer',
6 verbose install     'gulp-gh-pages',
6 verbose install     'gulp-header',
6 verbose install     'gulp-markdown',
6 verbose install     'gulp-nunjucks',
6 verbose install     'gulp-plumber',
6 verbose install     'gulp-rename',
6 verbose install     'gulp-sourcemaps',
6 verbose install     'gulp-typescript',
6 verbose install     'gulp-uglify',
6 verbose install     'http-server',
6 verbose install     'jasmine-core',
6 verbose install     'karma',
6 verbose install     'karma-chrome-launcher',
6 verbose install     'karma-jasmine',
6 verbose install     'karma-phantomjs-launcher',
6 verbose install     'nunjucks',
6 verbose install     'protobufjs',
6 verbose install     'prototxt-parser',
6 verbose install     'run-sequence',
6 verbose install     'typescript' ] ]
7 info preinstall caffejs@0.2.0
8 verbose readDependencies using package.json deps
9 verbose cache add [ 'queue-async@^1.2.1', null ]
10 verbose cache add name=undefined spec="queue-async@^1.2.1" args=["queue-async@^1.2.1",null]
11 verbose parsed url { protocol: null,
11 verbose parsed url   slashes: null,
11 verbose parsed url   auth: null,
11 verbose parsed url   host: null,
11 verbose parsed url   port: null,
11 verbose parsed url   hostname: null,
11 verbose parsed url   hash: null,
11 verbose parsed url   search: null,
11 verbose parsed url   query: null,
11 verbose parsed url   pathname: 'queue-async@^1.2.1',
11 verbose parsed url   path: 'queue-async@^1.2.1',
11 verbose parsed url   href: 'queue-async@^1.2.1' }
12 verbose cache add name="queue-async" spec="^1.2.1" args=["queue-async","^1.2.1"]
13 verbose parsed url { protocol: null,
13 verbose parsed url   slashes: null,
13 verbose parsed url   auth: null,
13 verbose parsed url   host: null,
13 verbose parsed url   port: null,
13 verbose parsed url   hostname: null,
13 verbose parsed url   hash: null,
13 verbose parsed url   search: null,
13 verbose parsed url   query: null,
13 verbose parsed url   pathname: '^1.2.1',
13 verbose parsed url   path: '^1.2.1',
13 verbose parsed url   href: '^1.2.1' }
14 verbose addNamed [ 'queue-async', '^1.2.1' ]
15 verbose addNamed [ null, '>=1.2.1-0 <2.0.0-0' ]
16 verbose cache add [ 'whatwg-fetch@^2.0.3', null ]
17 verbose cache add name=undefined spec="whatwg-fetch@^2.0.3" args=["whatwg-fetch@^2.0.3",null]
18 verbose parsed url { protocol: null,
18 verbose parsed url   slashes: null,
18 verbose parsed url   auth: null,
18 verbose parsed url   host: null,
18 verbose parsed url   port: null,
18 verbose parsed url   hostname: null,
18 verbose parsed url   hash: null,
18 verbose parsed url   search: null,
18 verbose parsed url   query: null,
18 verbose parsed url   pathname: 'whatwg-fetch@^2.0.3',
18 verbose parsed url   path: 'whatwg-fetch@^2.0.3',
18 verbose parsed url   href: 'whatwg-fetch@^2.0.3' }
19 verbose cache add name="whatwg-fetch" spec="^2.0.3" args=["whatwg-fetch","^2.0.3"]
20 verbose parsed url { protocol: null,
20 verbose parsed url   slashes: null,
20 verbose parsed url   auth: null,
20 verbose parsed url   host: null,
20 verbose parsed url   port: null,
20 verbose parsed url   hostname: null,
20 verbose parsed url   hash: null,
20 verbose parsed url   search: null,
20 verbose parsed url   query: null,
20 verbose parsed url   pathname: '^2.0.3',
20 verbose parsed url   path: '^2.0.3',
20 verbose parsed url   href: '^2.0.3' }
21 verbose addNamed [ 'whatwg-fetch', '^2.0.3' ]
22 verbose addNamed [ null, '>=2.0.3-0 <3.0.0-0' ]
23 verbose cache add [ 'webcamjs@^1.0.6', null ]
24 verbose cache add name=undefined spec="webcamjs@^1.0.6" args=["webcamjs@^1.0.6",null]
25 verbose parsed url { protocol: null,
25 verbose parsed url   slashes: null,
25 verbose parsed url   auth: null,
25 verbose parsed url   host: null,
25 verbose parsed url   port: null,
25 verbose parsed url   hostname: null,
25 verbose parsed url   hash: null,
25 verbose parsed url   search: null,
25 verbose parsed url   query: null,
25 verbose parsed url   pathname: 'webcamjs@^1.0.6',
25 verbose parsed url   path: 'webcamjs@^1.0.6',
25 verbose parsed url   href: 'webcamjs@^1.0.6' }
26 verbose cache add name="webcamjs" spec="^1.0.6" args=["webcamjs","^1.0.6"]
27 verbose parsed url { protocol: null,
27 verbose parsed url   slashes: null,
27 verbose parsed url   auth: null,
27 verbose parsed url   host: null,
27 verbose parsed url   port: null,
27 verbose parsed url   hostname: null,
27 verbose parsed url   hash: null,
27 verbose parsed url   search: null,
27 verbose parsed url   query: null,
27 verbose parsed url   pathname: '^1.0.6',
27 verbose parsed url   path: '^1.0.6',
27 verbose parsed url   href: '^1.0.6' }
28 verbose addNamed [ 'webcamjs', '^1.0.6' ]
29 verbose addNamed [ null, '>=1.0.6-0 <2.0.0-0' ]
30 verbose cache add [ '@types/d3@^3.5.17', null ]
31 verbose cache add name=undefined spec="@types/d3@^3.5.17" args=["@types/d3@^3.5.17",null]
32 verbose parsed url { protocol: null,
32 verbose parsed url   slashes: null,
32 verbose parsed url   auth: null,
32 verbose parsed url   host: null,
32 verbose parsed url   port: null,
32 verbose parsed url   hostname: null,
32 verbose parsed url   hash: null,
32 verbose parsed url   search: null,
32 verbose parsed url   query: null,
32 verbose parsed url   pathname: '@types/d3@^3.5.17',
32 verbose parsed url   path: '@types/d3@^3.5.17',
32 verbose parsed url   href: '@types/d3@^3.5.17' }
33 verbose cache add name="" spec="types/d3@^3.5.17" args=["","types/d3@^3.5.17"]
34 verbose parsed url { protocol: null,
34 verbose parsed url   slashes: null,
34 verbose parsed url   auth: null,
34 verbose parsed url   host: null,
34 verbose parsed url   port: null,
34 verbose parsed url   hostname: null,
34 verbose parsed url   hash: null,
34 verbose parsed url   search: null,
34 verbose parsed url   query: null,
34 verbose parsed url   pathname: 'types/d3@^3.5.17',
34 verbose parsed url   path: 'types/d3@^3.5.17',
34 verbose parsed url   href: 'types/d3@^3.5.17' }
35 verbose cache add name="types/d3" spec="^3.5.17" args=["types/d3","^3.5.17"]
36 verbose parsed url { protocol: null,
36 verbose parsed url   slashes: null,
36 verbose parsed url   auth: null,
36 verbose parsed url   host: null,
36 verbose parsed url   port: null,
36 verbose parsed url   hostname: null,
36 verbose parsed url   hash: null,
36 verbose parsed url   search: null,
36 verbose parsed url   query: null,
36 verbose parsed url   pathname: '^3.5.17',
36 verbose parsed url   path: '^3.5.17',
36 verbose parsed url   href: '^3.5.17' }
37 verbose addNamed [ 'types/d3', '^3.5.17' ]
38 verbose addNamed [ null, '>=3.5.17-0 <4.0.0-0' ]
39 verbose cache add [ '@types/dagre@^0.7.4', null ]
40 verbose cache add name=undefined spec="@types/dagre@^0.7.4" args=["@types/dagre@^0.7.4",null]
41 verbose parsed url { protocol: null,
41 verbose parsed url   slashes: null,
41 verbose parsed url   auth: null,
41 verbose parsed url   host: null,
41 verbose parsed url   port: null,
41 verbose parsed url   hostname: null,
41 verbose parsed url   hash: null,
41 verbose parsed url   search: null,
41 verbose parsed url   query: null,
41 verbose parsed url   pathname: '@types/dagre@^0.7.4',
41 verbose parsed url   path: '@types/dagre@^0.7.4',
41 verbose parsed url   href: '@types/dagre@^0.7.4' }
42 verbose cache add name="" spec="types/dagre@^0.7.4" args=["","types/dagre@^0.7.4"]
43 verbose parsed url { protocol: null,
43 verbose parsed url   slashes: null,
43 verbose parsed url   auth: null,
43 verbose parsed url   host: null,
43 verbose parsed url   port: null,
43 verbose parsed url   hostname: null,
43 verbose parsed url   hash: null,
43 verbose parsed url   search: null,
43 verbose parsed url   query: null,
43 verbose parsed url   pathname: 'types/dagre@^0.7.4',
43 verbose parsed url   path: 'types/dagre@^0.7.4',
43 verbose parsed url   href: 'types/dagre@^0.7.4' }
44 verbose cache add name="types/dagre" spec="^0.7.4" args=["types/dagre","^0.7.4"]
45 verbose parsed url { protocol: null,
45 verbose parsed url   slashes: null,
45 verbose parsed url   auth: null,
45 verbose parsed url   host: null,
45 verbose parsed url   port: null,
45 verbose parsed url   hostname: null,
45 verbose parsed url   hash: null,
45 verbose parsed url   search: null,
45 verbose parsed url   query: null,
45 verbose parsed url   pathname: '^0.7.4',
45 verbose parsed url   path: '^0.7.4',
45 verbose parsed url   href: '^0.7.4' }
46 verbose addNamed [ 'types/dagre', '^0.7.4' ]
47 verbose addNamed [ null, '>=0.7.4-0 <0.8.0-0' ]
48 silly lockFile 8b4f7f1a-types-dagre-0-7-4 types/dagre@^0.7.4
49 verbose lock types/dagre@^0.7.4 /home/cubler/.npm/8b4f7f1a-types-dagre-0-7-4.lock
50 verbose cache add [ '@types/dagre-d3@^0.4.17', null ]
51 verbose cache add name=undefined spec="@types/dagre-d3@^0.4.17" args=["@types/dagre-d3@^0.4.17",null]
52 verbose parsed url { protocol: null,
52 verbose parsed url   slashes: null,
52 verbose parsed url   auth: null,
52 verbose parsed url   host: null,
52 verbose parsed url   port: null,
52 verbose parsed url   hostname: null,
52 verbose parsed url   hash: null,
52 verbose parsed url   search: null,
52 verbose parsed url   query: null,
52 verbose parsed url   pathname: '@types/dagre-d3@^0.4.17',
52 verbose parsed url   path: '@types/dagre-d3@^0.4.17',
52 verbose parsed url   href: '@types/dagre-d3@^0.4.17' }
53 verbose cache add name="" spec="types/dagre-d3@^0.4.17" args=["","types/dagre-d3@^0.4.17"]
54 verbose parsed url { protocol: null,
54 verbose parsed url   slashes: null,
54 verbose parsed url   auth: null,
54 verbose parsed url   host: null,
54 verbose parsed url   port: null,
54 verbose parsed url   hostname: null,
54 verbose parsed url   hash: null,
54 verbose parsed url   search: null,
54 verbose parsed url   query: null,
54 verbose parsed url   pathname: 'types/dagre-d3@^0.4.17',
54 verbose parsed url   path: 'types/dagre-d3@^0.4.17',
54 verbose parsed url   href: 'types/dagre-d3@^0.4.17' }
55 verbose cache add name="types/dagre-d3" spec="^0.4.17" args=["types/dagre-d3","^0.4.17"]
56 verbose parsed url { protocol: null,
56 verbose parsed url   slashes: null,
56 verbose parsed url   auth: null,
56 verbose parsed url   host: null,
56 verbose parsed url   port: null,
56 verbose parsed url   hostname: null,
56 verbose parsed url   hash: null,
56 verbose parsed url   search: null,
56 verbose parsed url   query: null,
56 verbose parsed url   pathname: '^0.4.17',
56 verbose parsed url   path: '^0.4.17',
56 verbose parsed url   href: '^0.4.17' }
57 verbose addNamed [ 'types/dagre-d3', '^0.4.17' ]
58 verbose addNamed [ null, '>=0.4.17-0 <0.5.0-0' ]
59 silly lockFile 4901631b-types-dagre-d3-0-4-17 types/dagre-d3@^0.4.17
60 verbose lock types/dagre-d3@^0.4.17 /home/cubler/.npm/4901631b-types-dagre-d3-0-4-17.lock
61 verbose cache add [ '@types/es6-shim@^0.31.35', null ]
62 verbose cache add name=undefined spec="@types/es6-shim@^0.31.35" args=["@types/es6-shim@^0.31.35",null]
63 verbose parsed url { protocol: null,
63 verbose parsed url   slashes: null,
63 verbose parsed url   auth: null,
63 verbose parsed url   host: null,
63 verbose parsed url   port: null,
63 verbose parsed url   hostname: null,
63 verbose parsed url   hash: null,
63 verbose parsed url   search: null,
63 verbose parsed url   query: null,
63 verbose parsed url   pathname: '@types/es6-shim@^0.31.35',
63 verbose parsed url   path: '@types/es6-shim@^0.31.35',
63 verbose parsed url   href: '@types/es6-shim@^0.31.35' }
64 verbose cache add name="" spec="types/es6-shim@^0.31.35" args=["","types/es6-shim@^0.31.35"]
65 verbose parsed url { protocol: null,
65 verbose parsed url   slashes: null,
65 verbose parsed url   auth: null,
65 verbose parsed url   host: null,
65 verbose parsed url   port: null,
65 verbose parsed url   hostname: null,
65 verbose parsed url   hash: null,
65 verbose parsed url   search: null,
65 verbose parsed url   query: null,
65 verbose parsed url   pathname: 'types/es6-shim@^0.31.35',
65 verbose parsed url   path: 'types/es6-shim@^0.31.35',
65 verbose parsed url   href: 'types/es6-shim@^0.31.35' }
66 verbose cache add name="types/es6-shim" spec="^0.31.35" args=["types/es6-shim","^0.31.35"]
67 verbose parsed url { protocol: null,
67 verbose parsed url   slashes: null,
67 verbose parsed url   auth: null,
67 verbose parsed url   host: null,
67 verbose parsed url   port: null,
67 verbose parsed url   hostname: null,
67 verbose parsed url   hash: null,
67 verbose parsed url   search: null,
67 verbose parsed url   query: null,
67 verbose parsed url   pathname: '^0.31.35',
67 verbose parsed url   path: '^0.31.35',
67 verbose parsed url   href: '^0.31.35' }
68 verbose addNamed [ 'types/es6-shim', '^0.31.35' ]
69 verbose addNamed [ null, '>=0.31.35-0 <0.32.0-0' ]
70 silly lockFile 9c7592a3-types-es6-shim-0-31-35 types/es6-shim@^0.31.35
71 verbose lock types/es6-shim@^0.31.35 /home/cubler/.npm/9c7592a3-types-es6-shim-0-31-35.lock
72 verbose cache add [ '@types/whatwg-fetch@^0.0.33', null ]
73 verbose cache add name=undefined spec="@types/whatwg-fetch@^0.0.33" args=["@types/whatwg-fetch@^0.0.33",null]
74 verbose parsed url { protocol: null,
74 verbose parsed url   slashes: null,
74 verbose parsed url   auth: null,
74 verbose parsed url   host: null,
74 verbose parsed url   port: null,
74 verbose parsed url   hostname: null,
74 verbose parsed url   hash: null,
74 verbose parsed url   search: null,
74 verbose parsed url   query: null,
74 verbose parsed url   pathname: '@types/whatwg-fetch@^0.0.33',
74 verbose parsed url   path: '@types/whatwg-fetch@^0.0.33',
74 verbose parsed url   href: '@types/whatwg-fetch@^0.0.33' }
75 verbose cache add name="" spec="types/whatwg-fetch@^0.0.33" args=["","types/whatwg-fetch@^0.0.33"]
76 verbose parsed url { protocol: null,
76 verbose parsed url   slashes: null,
76 verbose parsed url   auth: null,
76 verbose parsed url   host: null,
76 verbose parsed url   port: null,
76 verbose parsed url   hostname: null,
76 verbose parsed url   hash: null,
76 verbose parsed url   search: null,
76 verbose parsed url   query: null,
76 verbose parsed url   pathname: 'types/whatwg-fetch@^0.0.33',
76 verbose parsed url   path: 'types/whatwg-fetch@^0.0.33',
76 verbose parsed url   href: 'types/whatwg-fetch@^0.0.33' }
77 verbose cache add name="types/whatwg-fetch" spec="^0.0.33" args=["types/whatwg-fetch","^0.0.33"]
78 verbose parsed url { protocol: null,
78 verbose parsed url   slashes: null,
78 verbose parsed url   auth: null,
78 verbose parsed url   host: null,
78 verbose parsed url   port: null,
78 verbose parsed url   hostname: null,
78 verbose parsed url   hash: null,
78 verbose parsed url   search: null,
78 verbose parsed url   query: null,
78 verbose parsed url   pathname: '^0.0.33',
78 verbose parsed url   path: '^0.0.33',
78 verbose parsed url   href: '^0.0.33' }
79 verbose addNamed [ 'types/whatwg-fetch', '^0.0.33' ]
80 verbose addNamed [ null, '=0.0.33' ]
81 silly lockFile 33e22c43-types-whatwg-fetch-0-0-33 types/whatwg-fetch@^0.0.33
82 verbose lock types/whatwg-fetch@^0.0.33 /home/cubler/.npm/33e22c43-types-whatwg-fetch-0-0-33.lock
83 verbose cache add [ 'dagre-d3@^0.4.17', null ]
84 verbose cache add name=undefined spec="dagre-d3@^0.4.17" args=["dagre-d3@^0.4.17",null]
85 verbose parsed url { protocol: null,
85 verbose parsed url   slashes: null,
85 verbose parsed url   auth: null,
85 verbose parsed url   host: null,
85 verbose parsed url   port: null,
85 verbose parsed url   hostname: null,
85 verbose parsed url   hash: null,
85 verbose parsed url   search: null,
85 verbose parsed url   query: null,
85 verbose parsed url   pathname: 'dagre-d3@^0.4.17',
85 verbose parsed url   path: 'dagre-d3@^0.4.17',
85 verbose parsed url   href: 'dagre-d3@^0.4.17' }
86 verbose cache add name="dagre-d3" spec="^0.4.17" args=["dagre-d3","^0.4.17"]
87 verbose parsed url { protocol: null,
87 verbose parsed url   slashes: null,
87 verbose parsed url   auth: null,
87 verbose parsed url   host: null,
87 verbose parsed url   port: null,
87 verbose parsed url   hostname: null,
87 verbose parsed url   hash: null,
87 verbose parsed url   search: null,
87 verbose parsed url   query: null,
87 verbose parsed url   pathname: '^0.4.17',
87 verbose parsed url   path: '^0.4.17',
87 verbose parsed url   href: '^0.4.17' }
88 verbose addNamed [ 'dagre-d3', '^0.4.17' ]
89 verbose addNamed [ null, '>=0.4.17-0 <0.5.0-0' ]
90 silly lockFile 2106ac37-dagre-d3-0-4-17 dagre-d3@^0.4.17
91 verbose lock dagre-d3@^0.4.17 /home/cubler/.npm/2106ac37-dagre-d3-0-4-17.lock
92 verbose cache add [ 'gulp@^3.9.1', null ]
93 verbose cache add name=undefined spec="gulp@^3.9.1" args=["gulp@^3.9.1",null]
94 verbose parsed url { protocol: null,
94 verbose parsed url   slashes: null,
94 verbose parsed url   auth: null,
94 verbose parsed url   host: null,
94 verbose parsed url   port: null,
94 verbose parsed url   hostname: null,
94 verbose parsed url   hash: null,
94 verbose parsed url   search: null,
94 verbose parsed url   query: null,
94 verbose parsed url   pathname: 'gulp@^3.9.1',
94 verbose parsed url   path: 'gulp@^3.9.1',
94 verbose parsed url   href: 'gulp@^3.9.1' }
95 verbose cache add name="gulp" spec="^3.9.1" args=["gulp","^3.9.1"]
96 verbose parsed url { protocol: null,
96 verbose parsed url   slashes: null,
96 verbose parsed url   auth: null,
96 verbose parsed url   host: null,
96 verbose parsed url   port: null,
96 verbose parsed url   hostname: null,
96 verbose parsed url   hash: null,
96 verbose parsed url   search: null,
96 verbose parsed url   query: null,
96 verbose parsed url   pathname: '^3.9.1',
96 verbose parsed url   path: '^3.9.1',
96 verbose parsed url   href: '^3.9.1' }
97 verbose addNamed [ 'gulp', '^3.9.1' ]
98 verbose addNamed [ null, '>=3.9.1-0 <4.0.0-0' ]
99 silly lockFile e5c114fc-gulp-3-9-1 gulp@^3.9.1
100 verbose lock gulp@^3.9.1 /home/cubler/.npm/e5c114fc-gulp-3-9-1.lock
101 verbose cache add [ 'gulp-clean@^0.3.2', null ]
102 verbose cache add name=undefined spec="gulp-clean@^0.3.2" args=["gulp-clean@^0.3.2",null]
103 verbose parsed url { protocol: null,
103 verbose parsed url   slashes: null,
103 verbose parsed url   auth: null,
103 verbose parsed url   host: null,
103 verbose parsed url   port: null,
103 verbose parsed url   hostname: null,
103 verbose parsed url   hash: null,
103 verbose parsed url   search: null,
103 verbose parsed url   query: null,
103 verbose parsed url   pathname: 'gulp-clean@^0.3.2',
103 verbose parsed url   path: 'gulp-clean@^0.3.2',
103 verbose parsed url   href: 'gulp-clean@^0.3.2' }
104 verbose cache add name="gulp-clean" spec="^0.3.2" args=["gulp-clean","^0.3.2"]
105 verbose parsed url { protocol: null,
105 verbose parsed url   slashes: null,
105 verbose parsed url   auth: null,
105 verbose parsed url   host: null,
105 verbose parsed url   port: null,
105 verbose parsed url   hostname: null,
105 verbose parsed url   hash: null,
105 verbose parsed url   search: null,
105 verbose parsed url   query: null,
105 verbose parsed url   pathname: '^0.3.2',
105 verbose parsed url   path: '^0.3.2',
105 verbose parsed url   href: '^0.3.2' }
106 verbose addNamed [ 'gulp-clean', '^0.3.2' ]
107 verbose addNamed [ null, '>=0.3.2-0 <0.4.0-0' ]
108 silly lockFile 29a6dce9-gulp-clean-0-3-2 gulp-clean@^0.3.2
109 verbose lock gulp-clean@^0.3.2 /home/cubler/.npm/29a6dce9-gulp-clean-0-3-2.lock
110 verbose cache add [ 'gulp-footer@^1.0.5', null ]
111 verbose cache add name=undefined spec="gulp-footer@^1.0.5" args=["gulp-footer@^1.0.5",null]
112 verbose parsed url { protocol: null,
112 verbose parsed url   slashes: null,
112 verbose parsed url   auth: null,
112 verbose parsed url   host: null,
112 verbose parsed url   port: null,
112 verbose parsed url   hostname: null,
112 verbose parsed url   hash: null,
112 verbose parsed url   search: null,
112 verbose parsed url   query: null,
112 verbose parsed url   pathname: 'gulp-footer@^1.0.5',
112 verbose parsed url   path: 'gulp-footer@^1.0.5',
112 verbose parsed url   href: 'gulp-footer@^1.0.5' }
113 verbose cache add name="gulp-footer" spec="^1.0.5" args=["gulp-footer","^1.0.5"]
114 verbose parsed url { protocol: null,
114 verbose parsed url   slashes: null,
114 verbose parsed url   auth: null,
114 verbose parsed url   host: null,
114 verbose parsed url   port: null,
114 verbose parsed url   hostname: null,
114 verbose parsed url   hash: null,
114 verbose parsed url   search: null,
114 verbose parsed url   query: null,
114 verbose parsed url   pathname: '^1.0.5',
114 verbose parsed url   path: '^1.0.5',
114 verbose parsed url   href: '^1.0.5' }
115 verbose addNamed [ 'gulp-footer', '^1.0.5' ]
116 verbose addNamed [ null, '>=1.0.5-0 <2.0.0-0' ]
117 silly lockFile 8337bbda-gulp-footer-1-0-5 gulp-footer@^1.0.5
118 verbose lock gulp-footer@^1.0.5 /home/cubler/.npm/8337bbda-gulp-footer-1-0-5.lock
119 verbose cache add [ 'gulp-gh-pages@^0.5.4', null ]
120 verbose cache add name=undefined spec="gulp-gh-pages@^0.5.4" args=["gulp-gh-pages@^0.5.4",null]
121 verbose parsed url { protocol: null,
121 verbose parsed url   slashes: null,
121 verbose parsed url   auth: null,
121 verbose parsed url   host: null,
121 verbose parsed url   port: null,
121 verbose parsed url   hostname: null,
121 verbose parsed url   hash: null,
121 verbose parsed url   search: null,
121 verbose parsed url   query: null,
121 verbose parsed url   pathname: 'gulp-gh-pages@^0.5.4',
121 verbose parsed url   path: 'gulp-gh-pages@^0.5.4',
121 verbose parsed url   href: 'gulp-gh-pages@^0.5.4' }
122 verbose cache add name="gulp-gh-pages" spec="^0.5.4" args=["gulp-gh-pages","^0.5.4"]
123 verbose parsed url { protocol: null,
123 verbose parsed url   slashes: null,
123 verbose parsed url   auth: null,
123 verbose parsed url   host: null,
123 verbose parsed url   port: null,
123 verbose parsed url   hostname: null,
123 verbose parsed url   hash: null,
123 verbose parsed url   search: null,
123 verbose parsed url   query: null,
123 verbose parsed url   pathname: '^0.5.4',
123 verbose parsed url   path: '^0.5.4',
123 verbose parsed url   href: '^0.5.4' }
124 verbose addNamed [ 'gulp-gh-pages', '^0.5.4' ]
125 verbose addNamed [ null, '>=0.5.4-0 <0.6.0-0' ]
126 silly lockFile 1b057f13-gulp-gh-pages-0-5-4 gulp-gh-pages@^0.5.4
127 verbose lock gulp-gh-pages@^0.5.4 /home/cubler/.npm/1b057f13-gulp-gh-pages-0-5-4.lock
128 silly lockFile d0beb2ff-whatwg-fetch-2-0-3 whatwg-fetch@^2.0.3
129 verbose lock whatwg-fetch@^2.0.3 /home/cubler/.npm/d0beb2ff-whatwg-fetch-2-0-3.lock
130 silly lockFile 25035c31-webcamjs-1-0-6 webcamjs@^1.0.6
131 verbose lock webcamjs@^1.0.6 /home/cubler/.npm/25035c31-webcamjs-1-0-6.lock
132 silly addNameRange { name: 'types/dagre',
132 silly addNameRange   range: '>=0.7.4-0 <0.8.0-0',
132 silly addNameRange   hasData: false }
133 verbose cache add [ 'gulp-header@^1.8.7', null ]
134 verbose cache add name=undefined spec="gulp-header@^1.8.7" args=["gulp-header@^1.8.7",null]
135 verbose parsed url { protocol: null,
135 verbose parsed url   slashes: null,
135 verbose parsed url   auth: null,
135 verbose parsed url   host: null,
135 verbose parsed url   port: null,
135 verbose parsed url   hostname: null,
135 verbose parsed url   hash: null,
135 verbose parsed url   search: null,
135 verbose parsed url   query: null,
135 verbose parsed url   pathname: 'gulp-header@^1.8.7',
135 verbose parsed url   path: 'gulp-header@^1.8.7',
135 verbose parsed url   href: 'gulp-header@^1.8.7' }
136 verbose cache add name="gulp-header" spec="^1.8.7" args=["gulp-header","^1.8.7"]
137 verbose parsed url { protocol: null,
137 verbose parsed url   slashes: null,
137 verbose parsed url   auth: null,
137 verbose parsed url   host: null,
137 verbose parsed url   port: null,
137 verbose parsed url   hostname: null,
137 verbose parsed url   hash: null,
137 verbose parsed url   search: null,
137 verbose parsed url   query: null,
137 verbose parsed url   pathname: '^1.8.7',
137 verbose parsed url   path: '^1.8.7',
137 verbose parsed url   href: '^1.8.7' }
138 verbose addNamed [ 'gulp-header', '^1.8.7' ]
139 verbose addNamed [ null, '>=1.8.7-0 <2.0.0-0' ]
140 silly lockFile 4b3f7532-gulp-header-1-8-7 gulp-header@^1.8.7
141 verbose lock gulp-header@^1.8.7 /home/cubler/.npm/4b3f7532-gulp-header-1-8-7.lock
142 verbose cache add [ 'gulp-markdown@^1.2.0', null ]
143 verbose cache add name=undefined spec="gulp-markdown@^1.2.0" args=["gulp-markdown@^1.2.0",null]
144 verbose parsed url { protocol: null,
144 verbose parsed url   slashes: null,
144 verbose parsed url   auth: null,
144 verbose parsed url   host: null,
144 verbose parsed url   port: null,
144 verbose parsed url   hostname: null,
144 verbose parsed url   hash: null,
144 verbose parsed url   search: null,
144 verbose parsed url   query: null,
144 verbose parsed url   pathname: 'gulp-markdown@^1.2.0',
144 verbose parsed url   path: 'gulp-markdown@^1.2.0',
144 verbose parsed url   href: 'gulp-markdown@^1.2.0' }
145 verbose cache add name="gulp-markdown" spec="^1.2.0" args=["gulp-markdown","^1.2.0"]
146 verbose parsed url { protocol: null,
146 verbose parsed url   slashes: null,
146 verbose parsed url   auth: null,
146 verbose parsed url   host: null,
146 verbose parsed url   port: null,
146 verbose parsed url   hostname: null,
146 verbose parsed url   hash: null,
146 verbose parsed url   search: null,
146 verbose parsed url   query: null,
146 verbose parsed url   pathname: '^1.2.0',
146 verbose parsed url   path: '^1.2.0',
146 verbose parsed url   href: '^1.2.0' }
147 verbose addNamed [ 'gulp-markdown', '^1.2.0' ]
148 verbose addNamed [ null, '>=1.2.0-0 <2.0.0-0' ]
149 silly lockFile 188cd06d-gulp-markdown-1-2-0 gulp-markdown@^1.2.0
150 verbose lock gulp-markdown@^1.2.0 /home/cubler/.npm/188cd06d-gulp-markdown-1-2-0.lock
151 verbose cache add [ 'gulp-nunjucks@^3.0.0', null ]
152 verbose cache add name=undefined spec="gulp-nunjucks@^3.0.0" args=["gulp-nunjucks@^3.0.0",null]
153 verbose parsed url { protocol: null,
153 verbose parsed url   slashes: null,
153 verbose parsed url   auth: null,
153 verbose parsed url   host: null,
153 verbose parsed url   port: null,
153 verbose parsed url   hostname: null,
153 verbose parsed url   hash: null,
153 verbose parsed url   search: null,
153 verbose parsed url   query: null,
153 verbose parsed url   pathname: 'gulp-nunjucks@^3.0.0',
153 verbose parsed url   path: 'gulp-nunjucks@^3.0.0',
153 verbose parsed url   href: 'gulp-nunjucks@^3.0.0' }
154 verbose cache add name="gulp-nunjucks" spec="^3.0.0" args=["gulp-nunjucks","^3.0.0"]
155 verbose parsed url { protocol: null,
155 verbose parsed url   slashes: null,
155 verbose parsed url   auth: null,
155 verbose parsed url   host: null,
155 verbose parsed url   port: null,
155 verbose parsed url   hostname: null,
155 verbose parsed url   hash: null,
155 verbose parsed url   search: null,
155 verbose parsed url   query: null,
155 verbose parsed url   pathname: '^3.0.0',
155 verbose parsed url   path: '^3.0.0',
155 verbose parsed url   href: '^3.0.0' }
156 verbose addNamed [ 'gulp-nunjucks', '^3.0.0' ]
157 verbose addNamed [ null, '>=3.0.0-0 <4.0.0-0' ]
158 silly lockFile 7801889a-gulp-nunjucks-3-0-0 gulp-nunjucks@^3.0.0
159 verbose lock gulp-nunjucks@^3.0.0 /home/cubler/.npm/7801889a-gulp-nunjucks-3-0-0.lock
160 verbose cache add [ 'gulp-plumber@^1.1.0', null ]
161 verbose cache add name=undefined spec="gulp-plumber@^1.1.0" args=["gulp-plumber@^1.1.0",null]
162 verbose parsed url { protocol: null,
162 verbose parsed url   slashes: null,
162 verbose parsed url   auth: null,
162 verbose parsed url   host: null,
162 verbose parsed url   port: null,
162 verbose parsed url   hostname: null,
162 verbose parsed url   hash: null,
162 verbose parsed url   search: null,
162 verbose parsed url   query: null,
162 verbose parsed url   pathname: 'gulp-plumber@^1.1.0',
162 verbose parsed url   path: 'gulp-plumber@^1.1.0',
162 verbose parsed url   href: 'gulp-plumber@^1.1.0' }
163 verbose cache add name="gulp-plumber" spec="^1.1.0" args=["gulp-plumber","^1.1.0"]
164 verbose parsed url { protocol: null,
164 verbose parsed url   slashes: null,
164 verbose parsed url   auth: null,
164 verbose parsed url   host: null,
164 verbose parsed url   port: null,
164 verbose parsed url   hostname: null,
164 verbose parsed url   hash: null,
164 verbose parsed url   search: null,
164 verbose parsed url   query: null,
164 verbose parsed url   pathname: '^1.1.0',
164 verbose parsed url   path: '^1.1.0',
164 verbose parsed url   href: '^1.1.0' }
165 verbose addNamed [ 'gulp-plumber', '^1.1.0' ]
166 verbose addNamed [ null, '>=1.1.0-0 <2.0.0-0' ]
167 silly lockFile cf87efc4-gulp-plumber-1-1-0 gulp-plumber@^1.1.0
168 verbose lock gulp-plumber@^1.1.0 /home/cubler/.npm/cf87efc4-gulp-plumber-1-1-0.lock
169 verbose cache add [ 'gulp-rename@^1.2.2', null ]
170 verbose cache add name=undefined spec="gulp-rename@^1.2.2" args=["gulp-rename@^1.2.2",null]
171 verbose parsed url { protocol: null,
171 verbose parsed url   slashes: null,
171 verbose parsed url   auth: null,
171 verbose parsed url   host: null,
171 verbose parsed url   port: null,
171 verbose parsed url   hostname: null,
171 verbose parsed url   hash: null,
171 verbose parsed url   search: null,
171 verbose parsed url   query: null,
171 verbose parsed url   pathname: 'gulp-rename@^1.2.2',
171 verbose parsed url   path: 'gulp-rename@^1.2.2',
171 verbose parsed url   href: 'gulp-rename@^1.2.2' }
172 verbose cache add name="gulp-rename" spec="^1.2.2" args=["gulp-rename","^1.2.2"]
173 verbose parsed url { protocol: null,
173 verbose parsed url   slashes: null,
173 verbose parsed url   auth: null,
173 verbose parsed url   host: null,
173 verbose parsed url   port: null,
173 verbose parsed url   hostname: null,
173 verbose parsed url   hash: null,
173 verbose parsed url   search: null,
173 verbose parsed url   query: null,
173 verbose parsed url   pathname: '^1.2.2',
173 verbose parsed url   path: '^1.2.2',
173 verbose parsed url   href: '^1.2.2' }
174 verbose addNamed [ 'gulp-rename', '^1.2.2' ]
175 verbose addNamed [ null, '>=1.2.2-0 <2.0.0-0' ]
176 silly lockFile 1035ba1c-gulp-rename-1-2-2 gulp-rename@^1.2.2
177 verbose lock gulp-rename@^1.2.2 /home/cubler/.npm/1035ba1c-gulp-rename-1-2-2.lock
178 verbose cache add [ 'gulp-sourcemaps@^2.6.1', null ]
179 verbose cache add name=undefined spec="gulp-sourcemaps@^2.6.1" args=["gulp-sourcemaps@^2.6.1",null]
180 verbose parsed url { protocol: null,
180 verbose parsed url   slashes: null,
180 verbose parsed url   auth: null,
180 verbose parsed url   host: null,
180 verbose parsed url   port: null,
180 verbose parsed url   hostname: null,
180 verbose parsed url   hash: null,
180 verbose parsed url   search: null,
180 verbose parsed url   query: null,
180 verbose parsed url   pathname: 'gulp-sourcemaps@^2.6.1',
180 verbose parsed url   path: 'gulp-sourcemaps@^2.6.1',
180 verbose parsed url   href: 'gulp-sourcemaps@^2.6.1' }
181 verbose cache add name="gulp-sourcemaps" spec="^2.6.1" args=["gulp-sourcemaps","^2.6.1"]
182 verbose parsed url { protocol: null,
182 verbose parsed url   slashes: null,
182 verbose parsed url   auth: null,
182 verbose parsed url   host: null,
182 verbose parsed url   port: null,
182 verbose parsed url   hostname: null,
182 verbose parsed url   hash: null,
182 verbose parsed url   search: null,
182 verbose parsed url   query: null,
182 verbose parsed url   pathname: '^2.6.1',
182 verbose parsed url   path: '^2.6.1',
182 verbose parsed url   href: '^2.6.1' }
183 verbose addNamed [ 'gulp-sourcemaps', '^2.6.1' ]
184 verbose addNamed [ null, '>=2.6.1-0 <3.0.0-0' ]
185 silly lockFile fdc163f2-gulp-sourcemaps-2-6-1 gulp-sourcemaps@^2.6.1
186 verbose lock gulp-sourcemaps@^2.6.1 /home/cubler/.npm/fdc163f2-gulp-sourcemaps-2-6-1.lock
187 verbose cache add [ 'gulp-typescript@^3.2.2', null ]
188 verbose cache add name=undefined spec="gulp-typescript@^3.2.2" args=["gulp-typescript@^3.2.2",null]
189 verbose parsed url { protocol: null,
189 verbose parsed url   slashes: null,
189 verbose parsed url   auth: null,
189 verbose parsed url   host: null,
189 verbose parsed url   port: null,
189 verbose parsed url   hostname: null,
189 verbose parsed url   hash: null,
189 verbose parsed url   search: null,
189 verbose parsed url   query: null,
189 verbose parsed url   pathname: 'gulp-typescript@^3.2.2',
189 verbose parsed url   path: 'gulp-typescript@^3.2.2',
189 verbose parsed url   href: 'gulp-typescript@^3.2.2' }
190 verbose cache add name="gulp-typescript" spec="^3.2.2" args=["gulp-typescript","^3.2.2"]
191 verbose parsed url { protocol: null,
191 verbose parsed url   slashes: null,
191 verbose parsed url   auth: null,
191 verbose parsed url   host: null,
191 verbose parsed url   port: null,
191 verbose parsed url   hostname: null,
191 verbose parsed url   hash: null,
191 verbose parsed url   search: null,
191 verbose parsed url   query: null,
191 verbose parsed url   pathname: '^3.2.2',
191 verbose parsed url   path: '^3.2.2',
191 verbose parsed url   href: '^3.2.2' }
192 verbose addNamed [ 'gulp-typescript', '^3.2.2' ]
193 verbose addNamed [ null, '>=3.2.2-0 <4.0.0-0' ]
194 silly lockFile 0a3f8b77-gulp-typescript-3-2-2 gulp-typescript@^3.2.2
195 verbose lock gulp-typescript@^3.2.2 /home/cubler/.npm/0a3f8b77-gulp-typescript-3-2-2.lock
196 verbose cache add [ 'gulp-uglify@^3.0.0', null ]
197 verbose cache add name=undefined spec="gulp-uglify@^3.0.0" args=["gulp-uglify@^3.0.0",null]
198 verbose parsed url { protocol: null,
198 verbose parsed url   slashes: null,
198 verbose parsed url   auth: null,
198 verbose parsed url   host: null,
198 verbose parsed url   port: null,
198 verbose parsed url   hostname: null,
198 verbose parsed url   hash: null,
198 verbose parsed url   search: null,
198 verbose parsed url   query: null,
198 verbose parsed url   pathname: 'gulp-uglify@^3.0.0',
198 verbose parsed url   path: 'gulp-uglify@^3.0.0',
198 verbose parsed url   href: 'gulp-uglify@^3.0.0' }
199 verbose cache add name="gulp-uglify" spec="^3.0.0" args=["gulp-uglify","^3.0.0"]
200 verbose parsed url { protocol: null,
200 verbose parsed url   slashes: null,
200 verbose parsed url   auth: null,
200 verbose parsed url   host: null,
200 verbose parsed url   port: null,
200 verbose parsed url   hostname: null,
200 verbose parsed url   hash: null,
200 verbose parsed url   search: null,
200 verbose parsed url   query: null,
200 verbose parsed url   pathname: '^3.0.0',
200 verbose parsed url   path: '^3.0.0',
200 verbose parsed url   href: '^3.0.0' }
201 verbose addNamed [ 'gulp-uglify', '^3.0.0' ]
202 verbose addNamed [ null, '>=3.0.0-0 <4.0.0-0' ]
203 silly lockFile e8e1520c-gulp-uglify-3-0-0 gulp-uglify@^3.0.0
204 verbose lock gulp-uglify@^3.0.0 /home/cubler/.npm/e8e1520c-gulp-uglify-3-0-0.lock
205 verbose cache add [ 'http-server@^0.10.0', null ]
206 verbose cache add name=undefined spec="http-server@^0.10.0" args=["http-server@^0.10.0",null]
207 verbose parsed url { protocol: null,
207 verbose parsed url   slashes: null,
207 verbose parsed url   auth: null,
207 verbose parsed url   host: null,
207 verbose parsed url   port: null,
207 verbose parsed url   hostname: null,
207 verbose parsed url   hash: null,
207 verbose parsed url   search: null,
207 verbose parsed url   query: null,
207 verbose parsed url   pathname: 'http-server@^0.10.0',
207 verbose parsed url   path: 'http-server@^0.10.0',
207 verbose parsed url   href: 'http-server@^0.10.0' }
208 verbose cache add name="http-server" spec="^0.10.0" args=["http-server","^0.10.0"]
209 verbose parsed url { protocol: null,
209 verbose parsed url   slashes: null,
209 verbose parsed url   auth: null,
209 verbose parsed url   host: null,
209 verbose parsed url   port: null,
209 verbose parsed url   hostname: null,
209 verbose parsed url   hash: null,
209 verbose parsed url   search: null,
209 verbose parsed url   query: null,
209 verbose parsed url   pathname: '^0.10.0',
209 verbose parsed url   path: '^0.10.0',
209 verbose parsed url   href: '^0.10.0' }
210 verbose addNamed [ 'http-server', '^0.10.0' ]
211 verbose addNamed [ null, '>=0.10.0-0 <0.11.0-0' ]
212 silly lockFile 01f93f66-http-server-0-10-0 http-server@^0.10.0
213 verbose lock http-server@^0.10.0 /home/cubler/.npm/01f93f66-http-server-0-10-0.lock
214 verbose cache add [ 'jasmine-core@^2.8.0', null ]
215 verbose cache add name=undefined spec="jasmine-core@^2.8.0" args=["jasmine-core@^2.8.0",null]
216 verbose parsed url { protocol: null,
216 verbose parsed url   slashes: null,
216 verbose parsed url   auth: null,
216 verbose parsed url   host: null,
216 verbose parsed url   port: null,
216 verbose parsed url   hostname: null,
216 verbose parsed url   hash: null,
216 verbose parsed url   search: null,
216 verbose parsed url   query: null,
216 verbose parsed url   pathname: 'jasmine-core@^2.8.0',
216 verbose parsed url   path: 'jasmine-core@^2.8.0',
216 verbose parsed url   href: 'jasmine-core@^2.8.0' }
217 verbose cache add name="jasmine-core" spec="^2.8.0" args=["jasmine-core","^2.8.0"]
218 verbose parsed url { protocol: null,
218 verbose parsed url   slashes: null,
218 verbose parsed url   auth: null,
218 verbose parsed url   host: null,
218 verbose parsed url   port: null,
218 verbose parsed url   hostname: null,
218 verbose parsed url   hash: null,
218 verbose parsed url   search: null,
218 verbose parsed url   query: null,
218 verbose parsed url   pathname: '^2.8.0',
218 verbose parsed url   path: '^2.8.0',
218 verbose parsed url   href: '^2.8.0' }
219 verbose addNamed [ 'jasmine-core', '^2.8.0' ]
220 verbose addNamed [ null, '>=2.8.0-0 <3.0.0-0' ]
221 silly lockFile 33e9f257-jasmine-core-2-8-0 jasmine-core@^2.8.0
222 verbose lock jasmine-core@^2.8.0 /home/cubler/.npm/33e9f257-jasmine-core-2-8-0.lock
223 verbose cache add [ 'karma@^1.7.1', null ]
224 verbose cache add name=undefined spec="karma@^1.7.1" args=["karma@^1.7.1",null]
225 verbose parsed url { protocol: null,
225 verbose parsed url   slashes: null,
225 verbose parsed url   auth: null,
225 verbose parsed url   host: null,
225 verbose parsed url   port: null,
225 verbose parsed url   hostname: null,
225 verbose parsed url   hash: null,
225 verbose parsed url   search: null,
225 verbose parsed url   query: null,
225 verbose parsed url   pathname: 'karma@^1.7.1',
225 verbose parsed url   path: 'karma@^1.7.1',
225 verbose parsed url   href: 'karma@^1.7.1' }
226 verbose cache add name="karma" spec="^1.7.1" args=["karma","^1.7.1"]
227 verbose parsed url { protocol: null,
227 verbose parsed url   slashes: null,
227 verbose parsed url   auth: null,
227 verbose parsed url   host: null,
227 verbose parsed url   port: null,
227 verbose parsed url   hostname: null,
227 verbose parsed url   hash: null,
227 verbose parsed url   search: null,
227 verbose parsed url   query: null,
227 verbose parsed url   pathname: '^1.7.1',
227 verbose parsed url   path: '^1.7.1',
227 verbose parsed url   href: '^1.7.1' }
228 verbose addNamed [ 'karma', '^1.7.1' ]
229 verbose addNamed [ null, '>=1.7.1-0 <2.0.0-0' ]
230 silly lockFile 84804332-karma-1-7-1 karma@^1.7.1
231 verbose lock karma@^1.7.1 /home/cubler/.npm/84804332-karma-1-7-1.lock
232 silly lockFile 61bd85b8-types-d3-3-5-17 types/d3@^3.5.17
233 verbose lock types/d3@^3.5.17 /home/cubler/.npm/61bd85b8-types-d3-3-5-17.lock
234 silly addNameRange { name: 'types/dagre-d3',
234 silly addNameRange   range: '>=0.4.17-0 <0.5.0-0',
234 silly addNameRange   hasData: false }
235 silly addNameRange { name: 'types/es6-shim',
235 silly addNameRange   range: '>=0.31.35-0 <0.32.0-0',
235 silly addNameRange   hasData: false }
236 verbose url raw types/dagre
237 verbose url resolving [ 'https://registry.npmjs.org/', './types/dagre' ]
238 verbose url resolved https://registry.npmjs.org/types/dagre
239 info trying registry request attempt 1 at 16:14:48
240 http GET https://registry.npmjs.org/types/dagre
241 silly addNameRange { name: 'types/whatwg-fetch', range: '=0.0.33', hasData: false }
242 silly addNameRange { name: 'dagre-d3',
242 silly addNameRange   range: '>=0.4.17-0 <0.5.0-0',
242 silly addNameRange   hasData: false }
243 silly addNameRange { name: 'gulp', range: '>=3.9.1-0 <4.0.0-0', hasData: false }
244 silly addNameRange { name: 'gulp-clean',
244 silly addNameRange   range: '>=0.3.2-0 <0.4.0-0',
244 silly addNameRange   hasData: false }
245 verbose cache add [ 'karma-chrome-launcher@^2.2.0', null ]
246 verbose cache add name=undefined spec="karma-chrome-launcher@^2.2.0" args=["karma-chrome-launcher@^2.2.0",null]
247 verbose parsed url { protocol: null,
247 verbose parsed url   slashes: null,
247 verbose parsed url   auth: null,
247 verbose parsed url   host: null,
247 verbose parsed url   port: null,
247 verbose parsed url   hostname: null,
247 verbose parsed url   hash: null,
247 verbose parsed url   search: null,
247 verbose parsed url   query: null,
247 verbose parsed url   pathname: 'karma-chrome-launcher@^2.2.0',
247 verbose parsed url   path: 'karma-chrome-launcher@^2.2.0',
247 verbose parsed url   href: 'karma-chrome-launcher@^2.2.0' }
248 verbose cache add name="karma-chrome-launcher" spec="^2.2.0" args=["karma-chrome-launcher","^2.2.0"]
249 verbose parsed url { protocol: null,
249 verbose parsed url   slashes: null,
249 verbose parsed url   auth: null,
249 verbose parsed url   host: null,
249 verbose parsed url   port: null,
249 verbose parsed url   hostname: null,
249 verbose parsed url   hash: null,
249 verbose parsed url   search: null,
249 verbose parsed url   query: null,
249 verbose parsed url   pathname: '^2.2.0',
249 verbose parsed url   path: '^2.2.0',
249 verbose parsed url   href: '^2.2.0' }
250 verbose addNamed [ 'karma-chrome-launcher', '^2.2.0' ]
251 verbose addNamed [ null, '>=2.2.0-0 <3.0.0-0' ]
252 silly lockFile b3700bc9-karma-chrome-launcher-2-2-0 karma-chrome-launcher@^2.2.0
253 verbose lock karma-chrome-launcher@^2.2.0 /home/cubler/.npm/b3700bc9-karma-chrome-launcher-2-2-0.lock
254 verbose cache add [ 'karma-jasmine@^1.1.0', null ]
255 verbose cache add name=undefined spec="karma-jasmine@^1.1.0" args=["karma-jasmine@^1.1.0",null]
256 verbose parsed url { protocol: null,
256 verbose parsed url   slashes: null,
256 verbose parsed url   auth: null,
256 verbose parsed url   host: null,
256 verbose parsed url   port: null,
256 verbose parsed url   hostname: null,
256 verbose parsed url   hash: null,
256 verbose parsed url   search: null,
256 verbose parsed url   query: null,
256 verbose parsed url   pathname: 'karma-jasmine@^1.1.0',
256 verbose parsed url   path: 'karma-jasmine@^1.1.0',
256 verbose parsed url   href: 'karma-jasmine@^1.1.0' }
257 verbose cache add name="karma-jasmine" spec="^1.1.0" args=["karma-jasmine","^1.1.0"]
258 verbose parsed url { protocol: null,
258 verbose parsed url   slashes: null,
258 verbose parsed url   auth: null,
258 verbose parsed url   host: null,
258 verbose parsed url   port: null,
258 verbose parsed url   hostname: null,
258 verbose parsed url   hash: null,
258 verbose parsed url   search: null,
258 verbose parsed url   query: null,
258 verbose parsed url   pathname: '^1.1.0',
258 verbose parsed url   path: '^1.1.0',
258 verbose parsed url   href: '^1.1.0' }
259 verbose addNamed [ 'karma-jasmine', '^1.1.0' ]
260 verbose addNamed [ null, '>=1.1.0-0 <2.0.0-0' ]
261 silly lockFile 5e9d6320-karma-jasmine-1-1-0 karma-jasmine@^1.1.0
262 verbose lock karma-jasmine@^1.1.0 /home/cubler/.npm/5e9d6320-karma-jasmine-1-1-0.lock
263 verbose cache add [ 'karma-phantomjs-launcher@^1.0.4', null ]
264 verbose cache add name=undefined spec="karma-phantomjs-launcher@^1.0.4" args=["karma-phantomjs-launcher@^1.0.4",null]
265 verbose parsed url { protocol: null,
265 verbose parsed url   slashes: null,
265 verbose parsed url   auth: null,
265 verbose parsed url   host: null,
265 verbose parsed url   port: null,
265 verbose parsed url   hostname: null,
265 verbose parsed url   hash: null,
265 verbose parsed url   search: null,
265 verbose parsed url   query: null,
265 verbose parsed url   pathname: 'karma-phantomjs-launcher@^1.0.4',
265 verbose parsed url   path: 'karma-phantomjs-launcher@^1.0.4',
265 verbose parsed url   href: 'karma-phantomjs-launcher@^1.0.4' }
266 verbose cache add name="karma-phantomjs-launcher" spec="^1.0.4" args=["karma-phantomjs-launcher","^1.0.4"]
267 verbose parsed url { protocol: null,
267 verbose parsed url   slashes: null,
267 verbose parsed url   auth: null,
267 verbose parsed url   host: null,
267 verbose parsed url   port: null,
267 verbose parsed url   hostname: null,
267 verbose parsed url   hash: null,
267 verbose parsed url   search: null,
267 verbose parsed url   query: null,
267 verbose parsed url   pathname: '^1.0.4',
267 verbose parsed url   path: '^1.0.4',
267 verbose parsed url   href: '^1.0.4' }
268 verbose addNamed [ 'karma-phantomjs-launcher', '^1.0.4' ]
269 verbose addNamed [ null, '>=1.0.4-0 <2.0.0-0' ]
270 silly lockFile aa9e392f-karma-phantomjs-launcher-1-0-4 karma-phantomjs-launcher@^1.0.4
271 verbose lock karma-phantomjs-launcher@^1.0.4 /home/cubler/.npm/aa9e392f-karma-phantomjs-launcher-1-0-4.lock
272 verbose cache add [ 'nunjucks@^3.0.1', null ]
273 verbose cache add name=undefined spec="nunjucks@^3.0.1" args=["nunjucks@^3.0.1",null]
274 verbose parsed url { protocol: null,
274 verbose parsed url   slashes: null,
274 verbose parsed url   auth: null,
274 verbose parsed url   host: null,
274 verbose parsed url   port: null,
274 verbose parsed url   hostname: null,
274 verbose parsed url   hash: null,
274 verbose parsed url   search: null,
274 verbose parsed url   query: null,
274 verbose parsed url   pathname: 'nunjucks@^3.0.1',
274 verbose parsed url   path: 'nunjucks@^3.0.1',
274 verbose parsed url   href: 'nunjucks@^3.0.1' }
275 verbose cache add name="nunjucks" spec="^3.0.1" args=["nunjucks","^3.0.1"]
276 verbose parsed url { protocol: null,
276 verbose parsed url   slashes: null,
276 verbose parsed url   auth: null,
276 verbose parsed url   host: null,
276 verbose parsed url   port: null,
276 verbose parsed url   hostname: null,
276 verbose parsed url   hash: null,
276 verbose parsed url   search: null,
276 verbose parsed url   query: null,
276 verbose parsed url   pathname: '^3.0.1',
276 verbose parsed url   path: '^3.0.1',
276 verbose parsed url   href: '^3.0.1' }
277 verbose addNamed [ 'nunjucks', '^3.0.1' ]
278 verbose addNamed [ null, '>=3.0.1-0 <4.0.0-0' ]
279 silly lockFile 92e9d586-nunjucks-3-0-1 nunjucks@^3.0.1
280 verbose lock nunjucks@^3.0.1 /home/cubler/.npm/92e9d586-nunjucks-3-0-1.lock
281 verbose cache add [ 'protobufjs@^6.8.0', null ]
282 verbose cache add name=undefined spec="protobufjs@^6.8.0" args=["protobufjs@^6.8.0",null]
283 verbose parsed url { protocol: null,
283 verbose parsed url   slashes: null,
283 verbose parsed url   auth: null,
283 verbose parsed url   host: null,
283 verbose parsed url   port: null,
283 verbose parsed url   hostname: null,
283 verbose parsed url   hash: null,
283 verbose parsed url   search: null,
283 verbose parsed url   query: null,
283 verbose parsed url   pathname: 'protobufjs@^6.8.0',
283 verbose parsed url   path: 'protobufjs@^6.8.0',
283 verbose parsed url   href: 'protobufjs@^6.8.0' }
284 verbose cache add name="protobufjs" spec="^6.8.0" args=["protobufjs","^6.8.0"]
285 verbose parsed url { protocol: null,
285 verbose parsed url   slashes: null,
285 verbose parsed url   auth: null,
285 verbose parsed url   host: null,
285 verbose parsed url   port: null,
285 verbose parsed url   hostname: null,
285 verbose parsed url   hash: null,
285 verbose parsed url   search: null,
285 verbose parsed url   query: null,
285 verbose parsed url   pathname: '^6.8.0',
285 verbose parsed url   path: '^6.8.0',
285 verbose parsed url   href: '^6.8.0' }
286 verbose addNamed [ 'protobufjs', '^6.8.0' ]
287 verbose addNamed [ null, '>=6.8.0-0 <7.0.0-0' ]
288 silly lockFile 0ae8b461-protobufjs-6-8-0 protobufjs@^6.8.0
289 verbose lock protobufjs@^6.8.0 /home/cubler/.npm/0ae8b461-protobufjs-6-8-0.lock
290 verbose cache add [ 'prototxt-parser@^0.1.3', null ]
291 verbose cache add name=undefined spec="prototxt-parser@^0.1.3" args=["prototxt-parser@^0.1.3",null]
292 verbose parsed url { protocol: null,
292 verbose parsed url   slashes: null,
292 verbose parsed url   auth: null,
292 verbose parsed url   host: null,
292 verbose parsed url   port: null,
292 verbose parsed url   hostname: null,
292 verbose parsed url   hash: null,
292 verbose parsed url   search: null,
292 verbose parsed url   query: null,
292 verbose parsed url   pathname: 'prototxt-parser@^0.1.3',
292 verbose parsed url   path: 'prototxt-parser@^0.1.3',
292 verbose parsed url   href: 'prototxt-parser@^0.1.3' }
293 verbose cache add name="prototxt-parser" spec="^0.1.3" args=["prototxt-parser","^0.1.3"]
294 verbose parsed url { protocol: null,
294 verbose parsed url   slashes: null,
294 verbose parsed url   auth: null,
294 verbose parsed url   host: null,
294 verbose parsed url   port: null,
294 verbose parsed url   hostname: null,
294 verbose parsed url   hash: null,
294 verbose parsed url   search: null,
294 verbose parsed url   query: null,
294 verbose parsed url   pathname: '^0.1.3',
294 verbose parsed url   path: '^0.1.3',
294 verbose parsed url   href: '^0.1.3' }
295 verbose addNamed [ 'prototxt-parser', '^0.1.3' ]
296 verbose addNamed [ null, '>=0.1.3-0 <0.2.0-0' ]
297 silly lockFile 233c5e05-prototxt-parser-0-1-3 prototxt-parser@^0.1.3
298 verbose lock prototxt-parser@^0.1.3 /home/cubler/.npm/233c5e05-prototxt-parser-0-1-3.lock
299 verbose cache add [ 'run-sequence@^2.1.0', null ]
300 verbose cache add name=undefined spec="run-sequence@^2.1.0" args=["run-sequence@^2.1.0",null]
301 verbose parsed url { protocol: null,
301 verbose parsed url   slashes: null,
301 verbose parsed url   auth: null,
301 verbose parsed url   host: null,
301 verbose parsed url   port: null,
301 verbose parsed url   hostname: null,
301 verbose parsed url   hash: null,
301 verbose parsed url   search: null,
301 verbose parsed url   query: null,
301 verbose parsed url   pathname: 'run-sequence@^2.1.0',
301 verbose parsed url   path: 'run-sequence@^2.1.0',
301 verbose parsed url   href: 'run-sequence@^2.1.0' }
302 verbose cache add name="run-sequence" spec="^2.1.0" args=["run-sequence","^2.1.0"]
303 verbose parsed url { protocol: null,
303 verbose parsed url   slashes: null,
303 verbose parsed url   auth: null,
303 verbose parsed url   host: null,
303 verbose parsed url   port: null,
303 verbose parsed url   hostname: null,
303 verbose parsed url   hash: null,
303 verbose parsed url   search: null,
303 verbose parsed url   query: null,
303 verbose parsed url   pathname: '^2.1.0',
303 verbose parsed url   path: '^2.1.0',
303 verbose parsed url   href: '^2.1.0' }
304 verbose addNamed [ 'run-sequence', '^2.1.0' ]
305 verbose addNamed [ null, '>=2.1.0-0 <3.0.0-0' ]
306 silly lockFile f42b2757-run-sequence-2-1-0 run-sequence@^2.1.0
307 verbose lock run-sequence@^2.1.0 /home/cubler/.npm/f42b2757-run-sequence-2-1-0.lock
308 verbose cache add [ 'typescript@^2.5.2', null ]
309 verbose cache add name=undefined spec="typescript@^2.5.2" args=["typescript@^2.5.2",null]
310 verbose parsed url { protocol: null,
310 verbose parsed url   slashes: null,
310 verbose parsed url   auth: null,
310 verbose parsed url   host: null,
310 verbose parsed url   port: null,
310 verbose parsed url   hostname: null,
310 verbose parsed url   hash: null,
310 verbose parsed url   search: null,
310 verbose parsed url   query: null,
310 verbose parsed url   pathname: 'typescript@^2.5.2',
310 verbose parsed url   path: 'typescript@^2.5.2',
310 verbose parsed url   href: 'typescript@^2.5.2' }
311 verbose cache add name="typescript" spec="^2.5.2" args=["typescript","^2.5.2"]
312 verbose parsed url { protocol: null,
312 verbose parsed url   slashes: null,
312 verbose parsed url   auth: null,
312 verbose parsed url   host: null,
312 verbose parsed url   port: null,
312 verbose parsed url   hostname: null,
312 verbose parsed url   hash: null,
312 verbose parsed url   search: null,
312 verbose parsed url   query: null,
312 verbose parsed url   pathname: '^2.5.2',
312 verbose parsed url   path: '^2.5.2',
312 verbose parsed url   href: '^2.5.2' }
313 verbose addNamed [ 'typescript', '^2.5.2' ]
314 verbose addNamed [ null, '>=2.5.2-0 <3.0.0-0' ]
315 silly lockFile fd47f9e5-typescript-2-5-2 typescript@^2.5.2
316 verbose lock typescript@^2.5.2 /home/cubler/.npm/fd47f9e5-typescript-2-5-2.lock
317 verbose cache add [ 'd3@^3.5.17', null ]
318 verbose cache add name=undefined spec="d3@^3.5.17" args=["d3@^3.5.17",null]
319 verbose parsed url { protocol: null,
319 verbose parsed url   slashes: null,
319 verbose parsed url   auth: null,
319 verbose parsed url   host: null,
319 verbose parsed url   port: null,
319 verbose parsed url   hostname: null,
319 verbose parsed url   hash: null,
319 verbose parsed url   search: null,
319 verbose parsed url   query: null,
319 verbose parsed url   pathname: 'd3@^3.5.17',
319 verbose parsed url   path: 'd3@^3.5.17',
319 verbose parsed url   href: 'd3@^3.5.17' }
320 verbose cache add name="d3" spec="^3.5.17" args=["d3","^3.5.17"]
321 verbose parsed url { protocol: null,
321 verbose parsed url   slashes: null,
321 verbose parsed url   auth: null,
321 verbose parsed url   host: null,
321 verbose parsed url   port: null,
321 verbose parsed url   hostname: null,
321 verbose parsed url   hash: null,
321 verbose parsed url   search: null,
321 verbose parsed url   query: null,
321 verbose parsed url   pathname: '^3.5.17',
321 verbose parsed url   path: '^3.5.17',
321 verbose parsed url   href: '^3.5.17' }
322 verbose addNamed [ 'd3', '^3.5.17' ]
323 verbose addNamed [ null, '>=3.5.17-0 <4.0.0-0' ]
324 silly lockFile 4ecd72f8-d3-3-5-17 d3@^3.5.17
325 verbose lock d3@^3.5.17 /home/cubler/.npm/4ecd72f8-d3-3-5-17.lock
326 verbose cache add [ 'es6-shim@^0.35.1', null ]
327 verbose cache add name=undefined spec="es6-shim@^0.35.1" args=["es6-shim@^0.35.1",null]
328 verbose parsed url { protocol: null,
328 verbose parsed url   slashes: null,
328 verbose parsed url   auth: null,
328 verbose parsed url   host: null,
328 verbose parsed url   port: null,
328 verbose parsed url   hostname: null,
328 verbose parsed url   hash: null,
328 verbose parsed url   search: null,
328 verbose parsed url   query: null,
328 verbose parsed url   pathname: 'es6-shim@^0.35.1',
328 verbose parsed url   path: 'es6-shim@^0.35.1',
328 verbose parsed url   href: 'es6-shim@^0.35.1' }
329 verbose cache add name="es6-shim" spec="^0.35.1" args=["es6-shim","^0.35.1"]
330 verbose parsed url { protocol: null,
330 verbose parsed url   slashes: null,
330 verbose parsed url   auth: null,
330 verbose parsed url   host: null,
330 verbose parsed url   port: null,
330 verbose parsed url   hostname: null,
330 verbose parsed url   hash: null,
330 verbose parsed url   search: null,
330 verbose parsed url   query: null,
330 verbose parsed url   pathname: '^0.35.1',
330 verbose parsed url   path: '^0.35.1',
330 verbose parsed url   href: '^0.35.1' }
331 verbose addNamed [ 'es6-shim', '^0.35.1' ]
332 verbose addNamed [ null, '>=0.35.1-0 <0.36.0-0' ]
333 silly lockFile 1d0beeb5-es6-shim-0-35-1 es6-shim@^0.35.1
334 verbose lock es6-shim@^0.35.1 /home/cubler/.npm/1d0beeb5-es6-shim-0-35-1.lock
335 silly addNameRange { name: 'gulp-footer',
335 silly addNameRange   range: '>=1.0.5-0 <2.0.0-0',
335 silly addNameRange   hasData: false }
336 silly addNameRange { name: 'gulp-gh-pages',
336 silly addNameRange   range: '>=0.5.4-0 <0.6.0-0',
336 silly addNameRange   hasData: false }
337 silly addNameRange { name: 'webcamjs', range: '>=1.0.6-0 <2.0.0-0', hasData: false }
338 silly addNameRange { name: 'whatwg-fetch',
338 silly addNameRange   range: '>=2.0.3-0 <3.0.0-0',
338 silly addNameRange   hasData: false }
339 verbose url raw types/dagre-d3
340 verbose url resolving [ 'https://registry.npmjs.org/', './types/dagre-d3' ]
341 verbose url resolved https://registry.npmjs.org/types/dagre-d3
342 info trying registry request attempt 1 at 16:14:48
343 http GET https://registry.npmjs.org/types/dagre-d3
344 verbose url raw types/es6-shim
345 verbose url resolving [ 'https://registry.npmjs.org/', './types/es6-shim' ]
346 verbose url resolved https://registry.npmjs.org/types/es6-shim
347 info trying registry request attempt 1 at 16:14:48
348 http GET https://registry.npmjs.org/types/es6-shim
349 verbose url raw types/whatwg-fetch
350 verbose url resolving [ 'https://registry.npmjs.org/', './types/whatwg-fetch' ]
351 verbose url resolved https://registry.npmjs.org/types/whatwg-fetch
352 info trying registry request attempt 1 at 16:14:48
353 http GET https://registry.npmjs.org/types/whatwg-fetch
354 verbose url raw dagre-d3
355 verbose url resolving [ 'https://registry.npmjs.org/', './dagre-d3' ]
356 verbose url resolved https://registry.npmjs.org/dagre-d3
357 info trying registry request attempt 1 at 16:14:48
358 http GET https://registry.npmjs.org/dagre-d3
359 verbose url raw gulp
360 verbose url resolving [ 'https://registry.npmjs.org/', './gulp' ]
361 verbose url resolved https://registry.npmjs.org/gulp
362 info trying registry request attempt 1 at 16:14:48
363 http GET https://registry.npmjs.org/gulp
364 verbose url raw gulp-clean
365 verbose url resolving [ 'https://registry.npmjs.org/', './gulp-clean' ]
366 verbose url resolved https://registry.npmjs.org/gulp-clean
367 info trying registry request attempt 1 at 16:14:48
368 http GET https://registry.npmjs.org/gulp-clean
369 silly addNameRange { name: 'gulp-header',
369 silly addNameRange   range: '>=1.8.7-0 <2.0.0-0',
369 silly addNameRange   hasData: false }
370 silly addNameRange { name: 'gulp-rename',
370 silly addNameRange   range: '>=1.2.2-0 <2.0.0-0',
370 silly addNameRange   hasData: false }
371 silly addNameRange { name: 'gulp-sourcemaps',
371 silly addNameRange   range: '>=2.6.1-0 <3.0.0-0',
371 silly addNameRange   hasData: false }
372 silly addNameRange { name: 'gulp-typescript',
372 silly addNameRange   range: '>=3.2.2-0 <4.0.0-0',
372 silly addNameRange   hasData: false }
373 silly addNameRange { name: 'gulp-uglify',
373 silly addNameRange   range: '>=3.0.0-0 <4.0.0-0',
373 silly addNameRange   hasData: false }
374 silly addNameRange { name: 'http-server',
374 silly addNameRange   range: '>=0.10.0-0 <0.11.0-0',
374 silly addNameRange   hasData: false }
375 silly addNameRange { name: 'jasmine-core',
375 silly addNameRange   range: '>=2.8.0-0 <3.0.0-0',
375 silly addNameRange   hasData: false }
376 silly addNameRange { name: 'karma', range: '>=1.7.1-0 <2.0.0-0', hasData: false }
377 silly addNameRange { name: 'gulp-markdown',
377 silly addNameRange   range: '>=1.2.0-0 <2.0.0-0',
377 silly addNameRange   hasData: false }
378 verbose url raw gulp-footer
379 verbose url resolving [ 'https://registry.npmjs.org/', './gulp-footer' ]
380 verbose url resolved https://registry.npmjs.org/gulp-footer
381 info trying registry request attempt 1 at 16:14:48
382 http GET https://registry.npmjs.org/gulp-footer
383 silly addNameRange { name: 'gulp-nunjucks',
383 silly addNameRange   range: '>=3.0.0-0 <4.0.0-0',
383 silly addNameRange   hasData: false }
384 verbose url raw gulp-gh-pages
385 verbose url resolving [ 'https://registry.npmjs.org/', './gulp-gh-pages' ]
386 verbose url resolved https://registry.npmjs.org/gulp-gh-pages
387 info trying registry request attempt 1 at 16:14:48
388 http GET https://registry.npmjs.org/gulp-gh-pages
389 verbose url raw webcamjs
390 verbose url resolving [ 'https://registry.npmjs.org/', './webcamjs' ]
391 verbose url resolved https://registry.npmjs.org/webcamjs
392 info trying registry request attempt 1 at 16:14:48
393 http GET https://registry.npmjs.org/webcamjs
394 verbose url raw whatwg-fetch
395 verbose url resolving [ 'https://registry.npmjs.org/', './whatwg-fetch' ]
396 verbose url resolved https://registry.npmjs.org/whatwg-fetch
397 info trying registry request attempt 1 at 16:14:48
398 http GET https://registry.npmjs.org/whatwg-fetch
399 silly addNameRange { name: 'gulp-plumber',
399 silly addNameRange   range: '>=1.1.0-0 <2.0.0-0',
399 silly addNameRange   hasData: false }
400 silly addNameRange { name: 'types/d3',
400 silly addNameRange   range: '>=3.5.17-0 <4.0.0-0',
400 silly addNameRange   hasData: false }
401 silly addNameRange { name: 'karma-chrome-launcher',
401 silly addNameRange   range: '>=2.2.0-0 <3.0.0-0',
401 silly addNameRange   hasData: false }
402 silly addNameRange { name: 'karma-jasmine',
402 silly addNameRange   range: '>=1.1.0-0 <2.0.0-0',
402 silly addNameRange   hasData: false }
403 silly addNameRange { name: 'karma-phantomjs-launcher',
403 silly addNameRange   range: '>=1.0.4-0 <2.0.0-0',
403 silly addNameRange   hasData: false }
404 silly addNameRange { name: 'nunjucks', range: '>=3.0.1-0 <4.0.0-0', hasData: false }
405 silly addNameRange { name: 'protobufjs',
405 silly addNameRange   range: '>=6.8.0-0 <7.0.0-0',
405 silly addNameRange   hasData: false }
406 silly addNameRange { name: 'prototxt-parser',
406 silly addNameRange   range: '>=0.1.3-0 <0.2.0-0',
406 silly addNameRange   hasData: false }
407 silly addNameRange { name: 'run-sequence',
407 silly addNameRange   range: '>=2.1.0-0 <3.0.0-0',
407 silly addNameRange   hasData: false }
408 silly addNameRange { name: 'typescript',
408 silly addNameRange   range: '>=2.5.2-0 <3.0.0-0',
408 silly addNameRange   hasData: false }
409 silly addNameRange { name: 'd3', range: '>=3.5.17-0 <4.0.0-0', hasData: false }
410 silly lockFile fb7bb247-queue-async-1-2-1 queue-async@^1.2.1
411 verbose lock queue-async@^1.2.1 /home/cubler/.npm/fb7bb247-queue-async-1-2-1.lock
412 verbose url raw gulp-sourcemaps
413 verbose url resolving [ 'https://registry.npmjs.org/', './gulp-sourcemaps' ]
414 verbose url resolved https://registry.npmjs.org/gulp-sourcemaps
415 info trying registry request attempt 1 at 16:14:48
416 http GET https://registry.npmjs.org/gulp-sourcemaps
417 verbose url raw gulp-rename
418 verbose url resolving [ 'https://registry.npmjs.org/', './gulp-rename' ]
419 verbose url resolved https://registry.npmjs.org/gulp-rename
420 info trying registry request attempt 1 at 16:14:48
421 http GET https://registry.npmjs.org/gulp-rename
422 verbose url raw gulp-header
423 verbose url resolving [ 'https://registry.npmjs.org/', './gulp-header' ]
424 verbose url resolved https://registry.npmjs.org/gulp-header
425 info trying registry request attempt 1 at 16:14:48
426 http GET https://registry.npmjs.org/gulp-header
427 verbose url raw gulp-typescript
428 verbose url resolving [ 'https://registry.npmjs.org/', './gulp-typescript' ]
429 verbose url resolved https://registry.npmjs.org/gulp-typescript
430 info trying registry request attempt 1 at 16:14:48
431 http GET https://registry.npmjs.org/gulp-typescript
432 verbose url raw gulp-uglify
433 verbose url resolving [ 'https://registry.npmjs.org/', './gulp-uglify' ]
434 verbose url resolved https://registry.npmjs.org/gulp-uglify
435 info trying registry request attempt 1 at 16:14:48
436 http GET https://registry.npmjs.org/gulp-uglify
437 verbose url raw http-server
438 verbose url resolving [ 'https://registry.npmjs.org/', './http-server' ]
439 verbose url resolved https://registry.npmjs.org/http-server
440 info trying registry request attempt 1 at 16:14:48
441 http GET https://registry.npmjs.org/http-server
442 verbose url raw jasmine-core
443 verbose url resolving [ 'https://registry.npmjs.org/', './jasmine-core' ]
444 verbose url resolved https://registry.npmjs.org/jasmine-core
445 info trying registry request attempt 1 at 16:14:48
446 http GET https://registry.npmjs.org/jasmine-core
447 verbose url raw karma
448 verbose url resolving [ 'https://registry.npmjs.org/', './karma' ]
449 verbose url resolved https://registry.npmjs.org/karma
450 info trying registry request attempt 1 at 16:14:48
451 http GET https://registry.npmjs.org/karma
452 verbose url raw gulp-markdown
453 verbose url resolving [ 'https://registry.npmjs.org/', './gulp-markdown' ]
454 verbose url resolved https://registry.npmjs.org/gulp-markdown
455 info trying registry request attempt 1 at 16:14:48
456 http GET https://registry.npmjs.org/gulp-markdown
457 silly addNameRange { name: 'es6-shim',
457 silly addNameRange   range: '>=0.35.1-0 <0.36.0-0',
457 silly addNameRange   hasData: false }
458 verbose url raw gulp-nunjucks
459 verbose url resolving [ 'https://registry.npmjs.org/', './gulp-nunjucks' ]
460 verbose url resolved https://registry.npmjs.org/gulp-nunjucks
461 info trying registry request attempt 1 at 16:14:48
462 http GET https://registry.npmjs.org/gulp-nunjucks
463 verbose url raw gulp-plumber
464 verbose url resolving [ 'https://registry.npmjs.org/', './gulp-plumber' ]
465 verbose url resolved https://registry.npmjs.org/gulp-plumber
466 info trying registry request attempt 1 at 16:14:48
467 http GET https://registry.npmjs.org/gulp-plumber
468 verbose url raw types/d3
469 verbose url resolving [ 'https://registry.npmjs.org/', './types/d3' ]
470 verbose url resolved https://registry.npmjs.org/types/d3
471 info trying registry request attempt 1 at 16:14:48
472 http GET https://registry.npmjs.org/types/d3
473 verbose url raw karma-chrome-launcher
474 verbose url resolving [ 'https://registry.npmjs.org/', './karma-chrome-launcher' ]
475 verbose url resolved https://registry.npmjs.org/karma-chrome-launcher
476 info trying registry request attempt 1 at 16:14:48
477 http GET https://registry.npmjs.org/karma-chrome-launcher
478 verbose url raw karma-jasmine
479 verbose url resolving [ 'https://registry.npmjs.org/', './karma-jasmine' ]
480 verbose url resolved https://registry.npmjs.org/karma-jasmine
481 info trying registry request attempt 1 at 16:14:48
482 http GET https://registry.npmjs.org/karma-jasmine
483 verbose url raw karma-phantomjs-launcher
484 verbose url resolving [ 'https://registry.npmjs.org/', './karma-phantomjs-launcher' ]
485 verbose url resolved https://registry.npmjs.org/karma-phantomjs-launcher
486 info trying registry request attempt 1 at 16:14:48
487 http GET https://registry.npmjs.org/karma-phantomjs-launcher
488 verbose url raw nunjucks
489 verbose url resolving [ 'https://registry.npmjs.org/', './nunjucks' ]
490 verbose url resolved https://registry.npmjs.org/nunjucks
491 info trying registry request attempt 1 at 16:14:48
492 http GET https://registry.npmjs.org/nunjucks
493 verbose url raw protobufjs
494 verbose url resolving [ 'https://registry.npmjs.org/', './protobufjs' ]
495 verbose url resolved https://registry.npmjs.org/protobufjs
496 info trying registry request attempt 1 at 16:14:48
497 http GET https://registry.npmjs.org/protobufjs
498 verbose url raw prototxt-parser
499 verbose url resolving [ 'https://registry.npmjs.org/', './prototxt-parser' ]
500 verbose url resolved https://registry.npmjs.org/prototxt-parser
501 info trying registry request attempt 1 at 16:14:48
502 http GET https://registry.npmjs.org/prototxt-parser
503 verbose url raw run-sequence
504 verbose url resolving [ 'https://registry.npmjs.org/', './run-sequence' ]
505 verbose url resolved https://registry.npmjs.org/run-sequence
506 info trying registry request attempt 1 at 16:14:48
507 http GET https://registry.npmjs.org/run-sequence
508 verbose url raw typescript
509 verbose url resolving [ 'https://registry.npmjs.org/', './typescript' ]
510 verbose url resolved https://registry.npmjs.org/typescript
511 info trying registry request attempt 1 at 16:14:48
512 http GET https://registry.npmjs.org/typescript
513 verbose url raw d3
514 verbose url resolving [ 'https://registry.npmjs.org/', './d3' ]
515 verbose url resolved https://registry.npmjs.org/d3
516 info trying registry request attempt 1 at 16:14:48
517 http GET https://registry.npmjs.org/d3
518 verbose url raw es6-shim
519 verbose url resolving [ 'https://registry.npmjs.org/', './es6-shim' ]
520 verbose url resolved https://registry.npmjs.org/es6-shim
521 info trying registry request attempt 1 at 16:14:48
522 http GET https://registry.npmjs.org/es6-shim
523 silly addNameRange { name: 'queue-async',
523 silly addNameRange   range: '>=1.2.1-0 <2.0.0-0',
523 silly addNameRange   hasData: false }
524 verbose url raw queue-async
525 verbose url resolving [ 'https://registry.npmjs.org/', './queue-async' ]
526 verbose url resolved https://registry.npmjs.org/queue-async
527 info trying registry request attempt 1 at 16:14:48
528 http GET https://registry.npmjs.org/queue-async
529 http 404 https://registry.npmjs.org/types/whatwg-fetch
530 silly registry.get cb [ 404,
530 silly registry.get   { 'content-type': 'application/json',
530 silly registry.get     'cache-control': 'max-age=0',
530 silly registry.get     'content-length': '2',
530 silly registry.get     'accept-ranges': 'bytes',
530 silly registry.get     date: 'Thu, 08 Mar 2018 21:14:48 GMT',
530 silly registry.get     via: '1.1 varnish',
530 silly registry.get     age: '0',
530 silly registry.get     connection: 'keep-alive',
530 silly registry.get     'x-served-by': 'cache-atl6231-ATL',
530 silly registry.get     'x-cache': 'MISS',
530 silly registry.get     'x-cache-hits': '0',
530 silly registry.get     'x-timer': 'S1520543689.728447,VS0,VE166',
530 silly registry.get     vary: 'Accept-Encoding' } ]
531 silly addNameRange number 2 { name: 'types/whatwg-fetch', range: '=0.0.33', hasData: true }
532 silly addNameRange versions [ undefined, [] ]
533 error TypeError: Cannot read property 'latest' of undefined
533 error     at next (/usr/share/npm/lib/cache.js:687:35)
533 error     at /usr/share/npm/lib/cache.js:675:5
533 error     at saved (/usr/share/npm/node_modules/npm-registry-client/lib/get.js:142:7)
533 error     at /usr/lib/nodejs/graceful-fs/polyfills.js:133:7
533 error     at Object.oncomplete (fs.js:107:15)
534 error If you need help, you may report this log at:
534 error     <http://github.com/isaacs/npm/issues>
534 error or email it to:
534 error     <npm-@googlegroups.com>
535 error System Linux 3.13.0-142-generic
536 error command "/usr/bin/nodejs" "/usr/bin/npm" "install"
537 error cwd /playpen/cubler/RA/eye-region-tracker/restServer/static/caffejs
538 error node -v v0.10.25
539 error npm -v 1.3.10
540 error type non_object_property_load
541 verbose exit [ 1, true ]
